\BOOKMARK [0][-]{chapter.1}{\376\377\000E\000i\000n\000l\000e\000i\000t\000u\000n\000g\000\040\000u\000n\000d\000\040\000P\000r\000o\000b\000l\000e\000m\000s\000t\000e\000l\000l\000u\000n\000g}{}% 1
\BOOKMARK [0][-]{chapter.2}{\376\377\000T\000h\000e\000o\000r\000e\000t\000i\000s\000c\000h\000e\000\040\000G\000r\000u\000n\000d\000l\000a\000g\000e\000n}{}% 2
\BOOKMARK [1][-]{section.2.1}{\376\377\000G\000r\000u\000n\000d\000l\000e\000g\000e\000n\000d\000e\000\040\000B\000e\000g\000r\000i\000f\000f\000e}{chapter.2}% 3
\BOOKMARK [2][-]{subsection.2.1.1}{\376\377\000F\000o\000r\000m\000a\000l\000e\000r\000\040\000R\000a\000h\000m\000e\000n\000\040\000d\000e\000r\000\040\000K\000l\000a\000s\000s\000i\000f\000i\000k\000a\000t\000i\000o\000n}{section.2.1}% 4
\BOOKMARK [2][-]{subsection.2.1.2}{\376\377\000K\000o\000n\000t\000r\000a\000f\000a\000k\000t\000i\000s\000c\000h\000e\000\040\000E\000r\000k\000l\000\344\000r\000u\000n\000g\000e\000n}{section.2.1}% 5
\BOOKMARK [2][-]{subsection.2.1.3}{\376\377\000E\000i\000n\000o\000r\000d\000n\000u\000n\000g\000\040\000v\000o\000n\000\040\000E\000r\000k\000l\000\344\000r\000u\000n\000g\000s\000m\000o\000d\000e\000l\000l\000e\000n}{section.2.1}% 6
\BOOKMARK [1][-]{section.2.2}{\376\377\000D\000e\000f\000i\000n\000i\000t\000i\000o\000n\000\040\000v\000o\000n\000\040\000D\000i\000C\000E}{chapter.2}% 7
\BOOKMARK [0][-]{chapter.3}{\376\377\000M\000e\000t\000h\000o\000d\000i\000s\000c\000h\000e\000s\000\040\000V\000o\000r\000g\000e\000h\000e\000n}{}% 8
\BOOKMARK [1][-]{section.3.1}{\376\377\000Z\000e\000n\000t\000r\000a\000l\000e\000\040\000K\000o\000n\000z\000e\000p\000t\000e}{chapter.3}% 9
\BOOKMARK [1][-]{section.3.2}{\376\377\000O\000p\000t\000i\000m\000i\000e\000r\000u\000n\000g\000\040\000d\000e\000r\000\040\000C\000o\000u\000n\000t\000e\000r\000f\000a\000c\000t\000u\000a\000l\000s}{chapter.3}% 10
\BOOKMARK [0][-]{chapter.4}{\376\377\000E\000v\000a\000l\000u\000a\000t\000i\000o\000n\000\040\000d\000e\000r\000\040\000M\000e\000t\000h\000o\000d\000i\000k}{}% 11
\BOOKMARK [1][-]{section.4.1}{\376\377\000E\000v\000a\000l\000u\000a\000t\000i\000o\000n\000s\000m\000e\000t\000r\000i\000k\000e\000n}{chapter.4}% 12
\BOOKMARK [1][-]{section.4.2}{\376\377\000B\000e\000w\000e\000r\000t\000u\000n\000g\000\040\000d\000e\000r\000\040\000E\000v\000a\000l\000u\000a\000t\000i\000o\000n\000s\000q\000u\000a\000l\000i\000t\000\344\000t}{chapter.4}% 13
\BOOKMARK [2][-]{subsection.4.2.1}{\376\377\000B\000e\000w\000e\000r\000t\000u\000n\000g\000\040\000d\000e\000r\000\040\000E\000v\000a\000l\000u\000a\000t\000i\000o\000n\000s\000m\000e\000t\000r\000i\000k\000e\000n}{section.4.2}% 14
\BOOKMARK [2][-]{subsection.4.2.2}{\376\377\000N\000\344\000h\000e\000r\000u\000n\000g\000\040\000d\000e\000r\000\040\000E\000n\000t\000s\000c\000h\000e\000i\000d\000u\000n\000g\000s\000g\000r\000e\000n\000z\000e}{section.4.2}% 15
\BOOKMARK [1][-]{section.4.3}{\376\377\000V\000e\000r\000g\000l\000e\000i\000c\000h\000\040\000m\000i\000t\000\040\000a\000n\000d\000e\000r\000e\000n\000\040\000A\000n\000s\000\344\000t\000z\000e\000n}{chapter.4}% 16
\BOOKMARK [2][-]{subsection.4.3.1}{\376\377\000B\000a\000s\000e\000l\000i\000n\000e\000s\000\040\000u\000n\000d\000\040\000L\000I\000M\000E}{section.4.3}% 17
\BOOKMARK [2][-]{subsection.4.3.2}{\376\377\000E\000r\000g\000e\000b\000n\000i\000s\000s\000e}{section.4.3}% 18
\BOOKMARK [0][-]{chapter.5}{\376\377\000A\000n\000w\000e\000n\000d\000b\000a\000r\000k\000e\000i\000t\000\040\000u\000n\000d\000\040\000B\000e\000d\000e\000u\000t\000u\000n\000g\000\040\000i\000n\000\040\000d\000e\000r\000\040\000P\000r\000a\000x\000i\000s}{}% 19
\BOOKMARK [1][-]{section.5.1}{\376\377\000R\000e\000l\000e\000v\000a\000n\000z\000\040\000i\000n\000\040\000d\000e\000r\000\040\000P\000r\000a\000x\000i\000s}{chapter.5}% 20
\BOOKMARK [1][-]{section.5.2}{\376\377\000D\000e\000m\000o\000n\000s\000t\000r\000a\000t\000i\000o\000n\000\040\000e\000i\000n\000e\000s\000\040\000B\000e\000i\000s\000p\000i\000e\000l\000s}{chapter.5}% 21
\BOOKMARK [2][-]{subsection.5.2.1}{\376\377\000V\000o\000r\000b\000e\000r\000e\000i\000t\000u\000n\000g\000s\000s\000c\000h\000r\000i\000t\000t\000e}{section.5.2}% 22
\BOOKMARK [2][-]{subsection.5.2.2}{\376\377\000G\000e\000n\000e\000r\000i\000e\000r\000u\000n\000g\000\040\000v\000o\000n\000\040\000E\000r\000k\000l\000\344\000r\000u\000n\000g\000e\000n}{section.5.2}% 23
\BOOKMARK [2][-]{subsection.5.2.3}{\376\377\000E\000v\000a\000l\000u\000a\000t\000i\000o\000n\000\040\000d\000e\000s\000\040\000B\000e\000i\000s\000p\000i\000e\000l\000s}{section.5.2}% 24
\BOOKMARK [0][-]{chapter.6}{\376\377\000Z\000u\000s\000a\000m\000m\000e\000n\000f\000a\000s\000s\000u\000n\000g\000\040\000u\000n\000d\000\040\000K\000r\000i\000t\000i\000k}{}% 25
\BOOKMARK [1][-]{section.6.1}{\376\377\000Z\000u\000s\000a\000m\000m\000e\000n\000f\000a\000s\000s\000u\000n\000g}{chapter.6}% 26
\BOOKMARK [1][-]{section.6.2}{\376\377\000K\000r\000i\000t\000i\000s\000c\000h\000e\000\040\000B\000e\000t\000r\000a\000c\000h\000t\000u\000n\000g}{chapter.6}% 27
\BOOKMARK [0][-]{chapter*.12}{\376\377\000L\000i\000t\000e\000r\000a\000t\000u\000r\000v\000e\000r\000z\000e\000i\000c\000h\000n\000i\000s}{}% 28
\BOOKMARK [0][-]{appendix.A}{\376\377\000E\000i\000g\000e\000n\000s\000t\000\344\000n\000d\000i\000g\000k\000e\000i\000t\000s\000e\000r\000k\000l\000\344\000r\000u\000n\000g}{}% 29
